[2023-03-28 15:17:13] logger.INFO: sample [] []
[2023-03-28 15:17:50] logger.INFO: sample [] []
[2023-03-28 15:18:25] logger.INFO: sample [] []
[2023-03-28 15:20:55] logger.INFO: sample [] []
[2023-03-28 15:20:56] logger.INFO: sample [] []
[2023-03-28 15:20:56] logger.INFO: sample [] []
[2023-03-28 15:20:56] logger.INFO: sample [] []
[2023-03-28 15:20:57] logger.INFO: sample [] []
[2023-03-28 15:21:17] logger.INFO: sample [] []
[2023-03-28 15:22:15] logger.INFO: sample [] []
[2023-03-28 15:23:27] logger.INFO: sample [] []
[2023-03-28 15:24:00] logger.INFO: sample [] []
[2023-03-28 15:24:17] logger.INFO: sample [] []
[2023-03-28 15:24:22] logger.INFO: sample [] []
[2023-03-28 15:24:28] logger.INFO: sample [] []
[2023-03-28 15:24:38] logger.INFO: sample [] []
[2023-03-28 15:24:44] logger.INFO: sample [] []
[2023-03-28 15:24:45] logger.INFO: sample [] []
[2023-03-28 15:24:56] logger.INFO: sample [] []
[2023-03-28 15:25:04] logger.INFO: sample [] []
[2023-03-28 15:25:15] logger.INFO: sample [] []
[2023-03-28 15:25:24] logger.INFO: sample [] []
[2023-03-28 15:25:49] logger.INFO: sample [] []
[2023-03-28 15:25:50] logger.INFO: sample [] []
[2023-03-28 15:26:00] logger.INFO: sample [] []
[2023-03-28 15:26:54] logger.INFO: sample [] []
[2023-03-28 15:26:57] logger.INFO: sample [] []
[2023-03-28 15:27:26] logger.INFO: sample [] []
[2023-03-28 15:31:48] logger.INFO: sample [] []
[2023-03-28 15:32:33] logger.INFO: sample [] []
[2023-03-28 15:33:11] logger.INFO: sample [] []
[2023-03-28 15:33:25] logger.INFO: sample [] []
[2023-03-28 15:33:38] logger.INFO: sample [] []
[2023-03-28 15:33:58] logger.INFO: sample [] []
[2023-03-28 15:34:24] logger.INFO: sample [] []
[2023-03-28 15:34:39] logger.INFO: sample [] []
[2023-03-28 15:34:59] logger.INFO: sample [] []
[2023-03-28 15:35:09] logger.INFO: sample [] []
[2023-03-28 15:35:21] logger.INFO: sample [] []
[2023-03-28 15:35:25] logger.INFO: sample [] []
[2023-03-28 15:36:12] logger.INFO: sample [] []
[2023-03-28 15:37:33] logger.INFO: sample [] []
[2023-03-28 15:37:54] logger.INFO: sample [] []
[2023-03-28 15:38:23] logger.INFO: sample [] []
[2023-03-28 15:38:35] logger.INFO: sample [] []
[2023-03-28 15:38:52] logger.INFO: sample [] []
[2023-03-28 15:50:31] logger.INFO: sample [] []
[2023-03-28 15:51:20] logger.INFO: sample [] []
[2023-03-28 15:51:29] logger.INFO: sample [] []
[2023-03-28 15:51:39] logger.INFO: sample [] []
[2023-03-28 15:51:43] logger.INFO: sample [] []
[2023-03-28 15:54:24] logger.INFO: sample [] []
[2023-03-28 15:55:25] logger.INFO: sample [] []
[2023-03-28 15:56:22] logger.INFO: test [] []
[2023-03-28 15:56:28] logger.INFO: aaa [] []
[2023-03-28 15:56:30] logger.INFO: aaa [] []
[2023-03-28 15:56:34] logger.INFO: on [] []
[2023-03-28 15:56:39] logger.INFO: on,on [] []
[2023-03-28 16:07:21] logger.INFO: on,on [] []
[2023-03-28 16:07:31] logger.INFO: on,on [] []
[2023-03-28 16:07:45] logger.INFO: on,on [] []
